2023-07-25 09:18:39,888:INFO:Linear Regression model trained
2023-07-25 09:18:39,889:DEBUG:Linear Regression artifacts stored at: artifacts/linearmodel.pkl
2023-07-25 09:18:40,169:INFO:DT model trained
2023-07-25 09:18:40,171:DEBUG:DT artifacts stored at: artifacts/dtmodel.pkl
2023-07-25 09:18:40,181:INFO:Loading Data in DataFrame
2023-07-25 09:18:40,372:INFO:Loading Data in DataFrame
2023-07-25 09:18:40,539:INFO:Loading Data in DataFrame
2023-07-25 09:18:40,735:INFO:Loading Data in DataFrame
2023-07-25 09:18:40,937:INFO:Loading Data in DataFrame
2023-07-25 09:18:41,282:INFO:Loading Data in DataFrame
2023-07-25 09:18:41,622:INFO:Loading Data in DataFrame
2023-07-25 09:18:42,245:INFO:Linear Regression RMSE: 67850.37028433719
2023-07-25 09:18:42,317:INFO:Linear Regression MAE: 49338.12098253612
2023-07-25 09:18:42,517:INFO:DT RMSE: 84598.31648321431
2023-07-25 09:18:44,735:INFO:Random forest grid search RMSE: 47830.186702936946
2023-07-25 11:33:51,142:INFO:Loading Data in DataFrame
2023-07-25 11:33:51,631:INFO:Loading Data in DataFrame
2023-07-25 11:33:52,136:INFO:Loading Data in DataFrame
2023-07-25 11:33:52,684:INFO:Loading Data in DataFrame
2023-07-25 11:33:53,211:INFO:Loading Data in DataFrame
2023-07-25 11:33:53,685:INFO:Loading Data in DataFrame
2023-07-25 11:33:54,179:INFO:Loading Data in DataFrame
2023-07-25 11:36:01,801:INFO:Linear Regression model trained
2023-07-25 11:36:01,815:DEBUG:Linear Regression artifacts stored at: artifacts/linearmodel.pkl
2023-07-25 11:36:03,105:INFO:DT model trained
2023-07-25 11:36:03,110:DEBUG:DT artifacts stored at: artifacts/dtmodel.pkl
2023-07-25 11:36:03,335:INFO:Loading Data in DataFrame
2023-07-25 11:36:04,025:INFO:Loading Data in DataFrame
2023-07-25 11:36:04,776:INFO:Loading Data in DataFrame
2023-07-25 11:36:05,906:INFO:Loading Data in DataFrame
2023-07-25 11:36:07,421:INFO:Loading Data in DataFrame
2023-07-25 11:36:09,004:INFO:Loading Data in DataFrame
2023-07-25 11:36:13,304:INFO:Loading Data in DataFrame
2023-07-25 11:36:17,112:INFO:Linear Regression RMSE: 67850.37028433719
2023-07-25 11:36:17,126:INFO:Linear Regression MAE: 49338.12098253612
2023-07-25 11:36:17,631:INFO:DT RMSE: 84598.31648321431
